<?xml version="1.0" encoding="UTF-8"?>
<testsuite name="org.example.CreateUsersTest" tests="3" skipped="0" failures="0" errors="0" timestamp="2024-03-25T12:00:56" hostname="Ezequiels-MacBook-Pro.local" time="146.813">
  <properties/>
  <testcase name="createNutritionist()" classname="org.example.CreateUsersTest" time="1.802"/>
  <testcase name="createStore()" classname="org.example.CreateUsersTest" time="144.599"/>
  <testcase name="createClient()" classname="org.example.CreateUsersTest" time="0.401"/>
  <system-out><![CDATA[Hibernate: drop table if exists Client CASCADE 
Hibernate: drop table if exists Nutritionist CASCADE 
Hibernate: drop table if exists Store CASCADE 
Hibernate: create table Client (clientId bigint generated by default as identity (start with 1), clientEmail varchar(255) not null, clientName varchar(255) not null, primary key (clientId))
Hibernate: create table Nutritionist (nutritionistId bigint generated by default as identity (start with 1), educationDiploma varchar(255) not null, nutritionistEmail varchar(255) not null, nutritionistName varchar(255) not null, primary key (nutritionistId))
Hibernate: create table Store (storeId bigint generated by default as identity (start with 1), storeMail varchar(255) not null, storeName varchar(255) not null, storeNumber varchar(255) not null, primary key (storeId))
Hibernate: alter table Client add constraint UK_oj3o2yv1hq1l9kr19f7sypdat unique (clientEmail)
Hibernate: alter table Nutritionist add constraint UK_5l2godycfrkqowvhiduvhr283 unique (nutritionistEmail)
Hibernate: alter table Store add constraint UK_h8g99xc6cbrb4brvry072ols unique (storeMail)
Hibernate: alter table Store add constraint UK_ntu9dqflrm2j65gt8l6jlveg7 unique (storeNumber)
Hibernate: insert into Nutritionist (nutritionistId, educationDiploma, nutritionistEmail, nutritionistName) values (default, ?, ?, ?)
Hibernate: insert into Nutritionist (nutritionistId, educationDiploma, nutritionistEmail, nutritionistName) values (default, ?, ?, ?)
Hibernate: drop table if exists Client CASCADE 
Hibernate: drop table if exists Nutritionist CASCADE 
Hibernate: drop table if exists Store CASCADE 
Hibernate: create table Client (clientId bigint generated by default as identity (start with 1), clientEmail varchar(255) not null, clientName varchar(255) not null, primary key (clientId))
Hibernate: create table Nutritionist (nutritionistId bigint generated by default as identity (start with 1), educationDiploma varchar(255) not null, nutritionistEmail varchar(255) not null, nutritionistName varchar(255) not null, primary key (nutritionistId))
Hibernate: create table Store (storeId bigint generated by default as identity (start with 1), storeMail varchar(255) not null, storeName varchar(255) not null, storeNumber varchar(255) not null, primary key (storeId))
Hibernate: alter table Client add constraint UK_oj3o2yv1hq1l9kr19f7sypdat unique (clientEmail)
Hibernate: alter table Nutritionist add constraint UK_5l2godycfrkqowvhiduvhr283 unique (nutritionistEmail)
Hibernate: alter table Store add constraint UK_h8g99xc6cbrb4brvry072ols unique (storeMail)
Hibernate: alter table Store add constraint UK_ntu9dqflrm2j65gt8l6jlveg7 unique (storeNumber)
Hibernate: insert into Store (storeId, storeMail, storeName, storeNumber) values (default, ?, ?, ?)
Hibernate: insert into Store (storeId, storeMail, storeName, storeNumber) values (default, ?, ?, ?)
Hibernate: drop table if exists Client CASCADE 
Hibernate: drop table if exists Nutritionist CASCADE 
Hibernate: drop table if exists Store CASCADE 
Hibernate: create table Client (clientId bigint generated by default as identity (start with 1), clientEmail varchar(255) not null, clientName varchar(255) not null, primary key (clientId))
Hibernate: create table Nutritionist (nutritionistId bigint generated by default as identity (start with 1), educationDiploma varchar(255) not null, nutritionistEmail varchar(255) not null, nutritionistName varchar(255) not null, primary key (nutritionistId))
Hibernate: create table Store (storeId bigint generated by default as identity (start with 1), storeMail varchar(255) not null, storeName varchar(255) not null, storeNumber varchar(255) not null, primary key (storeId))
Hibernate: alter table Client add constraint UK_oj3o2yv1hq1l9kr19f7sypdat unique (clientEmail)
Hibernate: alter table Nutritionist add constraint UK_5l2godycfrkqowvhiduvhr283 unique (nutritionistEmail)
Hibernate: alter table Store add constraint UK_h8g99xc6cbrb4brvry072ols unique (storeMail)
Hibernate: alter table Store add constraint UK_ntu9dqflrm2j65gt8l6jlveg7 unique (storeNumber)
Hibernate: insert into Client (clientId, clientEmail, clientName) values (default, ?, ?)
Hibernate: insert into Client (clientId, clientEmail, clientName) values (default, ?, ?)
Hibernate: insert into Client (clientId, clientEmail, clientName) values (default, ?, ?)
]]></system-out>
  <system-err><![CDATA[Mar 25, 2024 9:00:56 AM org.hibernate.jpa.boot.internal.PersistenceXmlParser parsePersistenceXml
WARN: HHH015018: Encountered multiple persistence-unit stanzas defining same name [UserPU]; persistence-unit names must be unique
Mar 25, 2024 9:00:56 AM org.hibernate.jpa.internal.util.LogHelper logPersistenceUnitInformation
INFO: HHH000204: Processing PersistenceUnitInfo [name: UserPU]
Mar 25, 2024 9:00:56 AM org.hibernate.Version logVersion
INFO: HHH000412: Hibernate ORM core version 5.4.27.Final
Mar 25, 2024 9:00:56 AM org.hibernate.annotations.common.reflection.java.JavaReflectionManager <clinit>
INFO: HCANN000001: Hibernate Commons Annotations {5.1.2.Final}
Mar 25, 2024 9:00:56 AM org.hibernate.engine.jdbc.connections.internal.DriverManagerConnectionProviderImpl configure
WARN: HHH10001002: Using Hibernate built-in connection pool (not for production use!)
Mar 25, 2024 9:00:56 AM org.hibernate.engine.jdbc.connections.internal.DriverManagerConnectionProviderImpl buildCreator
INFO: HHH10001005: using driver [org.hsqldb.jdbc.JDBCDriver] at URL [jdbc:hsqldb:file:/Users/ezequielrickert/projects/lab1/Database/hsqldb-2.7.2/hsqldb]
Mar 25, 2024 9:00:56 AM org.hibernate.engine.jdbc.connections.internal.DriverManagerConnectionProviderImpl buildCreator
INFO: HHH10001001: Connection properties: {password=****, user=sa}
Mar 25, 2024 9:00:56 AM org.hibernate.engine.jdbc.connections.internal.DriverManagerConnectionProviderImpl buildCreator
INFO: HHH10001003: Autocommit mode: false
Mar 25, 2024 9:00:56 AM org.hibernate.engine.jdbc.connections.internal.DriverManagerConnectionProviderImpl$PooledConnections <init>
INFO: HHH000115: Hibernate connection pool size: 20 (min=1)
Mar 25, 2024 9:00:58 AM org.hibernate.dialect.Dialect <init>
INFO: HHH000400: Using dialect: org.hibernate.dialect.HSQLDialect
Mar 25, 2024 9:00:58 AM org.hibernate.resource.transaction.backend.jdbc.internal.DdlTransactionIsolatorNonJtaImpl getIsolatedConnection
INFO: HHH10001501: Connection obtained from JdbcConnectionAccess [org.hibernate.engine.jdbc.env.internal.JdbcEnvironmentInitiator$ConnectionProviderJdbcConnectionAccess@7d21852b] for (non-JTA) DDL execution was not in auto-commit mode; the Connection 'local transaction' will be committed and the Connection will be set into auto-commit mode.
Mar 25, 2024 9:00:58 AM org.hibernate.resource.transaction.backend.jdbc.internal.DdlTransactionIsolatorNonJtaImpl getIsolatedConnection
INFO: HHH10001501: Connection obtained from JdbcConnectionAccess [org.hibernate.engine.jdbc.env.internal.JdbcEnvironmentInitiator$ConnectionProviderJdbcConnectionAccess@7d979d34] for (non-JTA) DDL execution was not in auto-commit mode; the Connection 'local transaction' will be committed and the Connection will be set into auto-commit mode.
Mar 25, 2024 9:00:58 AM org.hibernate.engine.transaction.jta.platform.internal.JtaPlatformInitiator initiateService
INFO: HHH000490: Using JtaPlatform implementation: [org.hibernate.engine.transaction.jta.platform.internal.NoJtaPlatform]
Mar 25, 2024 9:00:58 AM org.hibernate.engine.jdbc.connections.internal.DriverManagerConnectionProviderImpl$PoolState stop
INFO: HHH10001008: Cleaning up connection pool [jdbc:hsqldb:file:/Users/ezequielrickert/projects/lab1/Database/hsqldb-2.7.2/hsqldb]
Mar 25, 2024 9:00:58 AM org.hibernate.jpa.boot.internal.PersistenceXmlParser parsePersistenceXml
WARN: HHH015018: Encountered multiple persistence-unit stanzas defining same name [UserPU]; persistence-unit names must be unique
Mar 25, 2024 9:00:58 AM org.hibernate.jpa.internal.util.LogHelper logPersistenceUnitInformation
INFO: HHH000204: Processing PersistenceUnitInfo [name: UserPU]
Mar 25, 2024 9:00:58 AM org.hibernate.engine.jdbc.connections.internal.DriverManagerConnectionProviderImpl configure
WARN: HHH10001002: Using Hibernate built-in connection pool (not for production use!)
Mar 25, 2024 9:00:58 AM org.hibernate.engine.jdbc.connections.internal.DriverManagerConnectionProviderImpl buildCreator
INFO: HHH10001005: using driver [org.hsqldb.jdbc.JDBCDriver] at URL [jdbc:hsqldb:file:/Users/ezequielrickert/projects/lab1/Database/hsqldb-2.7.2/hsqldb]
Mar 25, 2024 9:00:58 AM org.hibernate.engine.jdbc.connections.internal.DriverManagerConnectionProviderImpl buildCreator
INFO: HHH10001001: Connection properties: {password=****, user=sa}
Mar 25, 2024 9:00:58 AM org.hibernate.engine.jdbc.connections.internal.DriverManagerConnectionProviderImpl buildCreator
INFO: HHH10001003: Autocommit mode: false
Mar 25, 2024 9:00:58 AM org.hibernate.engine.jdbc.connections.internal.DriverManagerConnectionProviderImpl$PooledConnections <init>
INFO: HHH000115: Hibernate connection pool size: 20 (min=1)
Mar 25, 2024 9:00:58 AM org.hibernate.dialect.Dialect <init>
INFO: HHH000400: Using dialect: org.hibernate.dialect.HSQLDialect
Mar 25, 2024 9:00:58 AM org.hibernate.resource.transaction.backend.jdbc.internal.DdlTransactionIsolatorNonJtaImpl getIsolatedConnection
INFO: HHH10001501: Connection obtained from JdbcConnectionAccess [org.hibernate.engine.jdbc.env.internal.JdbcEnvironmentInitiator$ConnectionProviderJdbcConnectionAccess@76e90da5] for (non-JTA) DDL execution was not in auto-commit mode; the Connection 'local transaction' will be committed and the Connection will be set into auto-commit mode.
Mar 25, 2024 9:00:58 AM org.hibernate.resource.transaction.backend.jdbc.internal.DdlTransactionIsolatorNonJtaImpl getIsolatedConnection
INFO: HHH10001501: Connection obtained from JdbcConnectionAccess [org.hibernate.engine.jdbc.env.internal.JdbcEnvironmentInitiator$ConnectionProviderJdbcConnectionAccess@4e3e11b9] for (non-JTA) DDL execution was not in auto-commit mode; the Connection 'local transaction' will be committed and the Connection will be set into auto-commit mode.
Mar 25, 2024 9:00:58 AM org.hibernate.engine.transaction.jta.platform.internal.JtaPlatformInitiator initiateService
INFO: HHH000490: Using JtaPlatform implementation: [org.hibernate.engine.transaction.jta.platform.internal.NoJtaPlatform]
Mar 25, 2024 9:03:23 AM org.hibernate.engine.jdbc.connections.internal.DriverManagerConnectionProviderImpl$PoolState stop
INFO: HHH10001008: Cleaning up connection pool [jdbc:hsqldb:file:/Users/ezequielrickert/projects/lab1/Database/hsqldb-2.7.2/hsqldb]
Mar 25, 2024 9:03:23 AM org.hibernate.jpa.boot.internal.PersistenceXmlParser parsePersistenceXml
WARN: HHH015018: Encountered multiple persistence-unit stanzas defining same name [UserPU]; persistence-unit names must be unique
Mar 25, 2024 9:03:23 AM org.hibernate.jpa.internal.util.LogHelper logPersistenceUnitInformation
INFO: HHH000204: Processing PersistenceUnitInfo [name: UserPU]
Mar 25, 2024 9:03:23 AM org.hibernate.engine.jdbc.connections.internal.DriverManagerConnectionProviderImpl configure
WARN: HHH10001002: Using Hibernate built-in connection pool (not for production use!)
Mar 25, 2024 9:03:23 AM org.hibernate.engine.jdbc.connections.internal.DriverManagerConnectionProviderImpl buildCreator
INFO: HHH10001005: using driver [org.hsqldb.jdbc.JDBCDriver] at URL [jdbc:hsqldb:file:/Users/ezequielrickert/projects/lab1/Database/hsqldb-2.7.2/hsqldb]
Mar 25, 2024 9:03:23 AM org.hibernate.engine.jdbc.connections.internal.DriverManagerConnectionProviderImpl buildCreator
INFO: HHH10001001: Connection properties: {password=****, user=sa}
Mar 25, 2024 9:03:23 AM org.hibernate.engine.jdbc.connections.internal.DriverManagerConnectionProviderImpl buildCreator
INFO: HHH10001003: Autocommit mode: false
Mar 25, 2024 9:03:23 AM org.hibernate.engine.jdbc.connections.internal.DriverManagerConnectionProviderImpl$PooledConnections <init>
INFO: HHH000115: Hibernate connection pool size: 20 (min=1)
Mar 25, 2024 9:03:23 AM org.hibernate.dialect.Dialect <init>
INFO: HHH000400: Using dialect: org.hibernate.dialect.HSQLDialect
Mar 25, 2024 9:03:23 AM org.hibernate.resource.transaction.backend.jdbc.internal.DdlTransactionIsolatorNonJtaImpl getIsolatedConnection
INFO: HHH10001501: Connection obtained from JdbcConnectionAccess [org.hibernate.engine.jdbc.env.internal.JdbcEnvironmentInitiator$ConnectionProviderJdbcConnectionAccess@306c7bf6] for (non-JTA) DDL execution was not in auto-commit mode; the Connection 'local transaction' will be committed and the Connection will be set into auto-commit mode.
Mar 25, 2024 9:03:23 AM org.hibernate.resource.transaction.backend.jdbc.internal.DdlTransactionIsolatorNonJtaImpl getIsolatedConnection
INFO: HHH10001501: Connection obtained from JdbcConnectionAccess [org.hibernate.engine.jdbc.env.internal.JdbcEnvironmentInitiator$ConnectionProviderJdbcConnectionAccess@664632e9] for (non-JTA) DDL execution was not in auto-commit mode; the Connection 'local transaction' will be committed and the Connection will be set into auto-commit mode.
Mar 25, 2024 9:03:23 AM org.hibernate.engine.transaction.jta.platform.internal.JtaPlatformInitiator initiateService
INFO: HHH000490: Using JtaPlatform implementation: [org.hibernate.engine.transaction.jta.platform.internal.NoJtaPlatform]
Mar 25, 2024 9:03:23 AM org.hibernate.engine.jdbc.connections.internal.DriverManagerConnectionProviderImpl$PoolState stop
INFO: HHH10001008: Cleaning up connection pool [jdbc:hsqldb:file:/Users/ezequielrickert/projects/lab1/Database/hsqldb-2.7.2/hsqldb]
]]></system-err>
</testsuite>
